execve("./tac", ["./tac", "ll3.h", "ll2.h"], [/* 59 vars */]) = 0
brk(0)                                  = 0x11ff000
mmap(NULL, 4096, PROT_READ|PROT_WRITE, MAP_PRIVATE|MAP_ANONYMOUS, -1, 0) = 0x7f35fae8c000
access("/etc/ld.so.nohwcap", F_OK)      = -1 ENOENT (No such file or directory)
mmap(NULL, 8192, PROT_READ|PROT_WRITE, MAP_PRIVATE|MAP_ANONYMOUS, -1, 0) = 0x7f35fae8a000
access("/etc/ld.so.preload", R_OK)      = -1 ENOENT (No such file or directory)
open("/etc/ld.so.cache", O_RDONLY)      = 3
fstat(3, {st_mode=S_IFREG|0644, st_size=202523, ...}) = 0
mmap(NULL, 202523, PROT_READ, MAP_PRIVATE, 3, 0) = 0x7f35fae58000
close(3)                                = 0
access("/etc/ld.so.nohwcap", F_OK)      = -1 ENOENT (No such file or directory)
open("/lib/libc.so.6", O_RDONLY)        = 3
read(3, "\177ELF\2\1\1\0\0\0\0\0\0\0\0\0\3\0>\0\1\0\0\0\220\345"..., 832) = 832
fstat(3, {st_mode=S_IFREG|0755, st_size=1502520, ...}) = 0
mmap(NULL, 3609304, PROT_READ|PROT_EXEC, MAP_PRIVATE|MAP_DENYWRITE, 3, 0) = 0x7f35fa8fd000
mprotect(0x7f35faa66000, 2093056, PROT_NONE) = 0
mmap(0x7f35fac65000, 20480, PROT_READ|PROT_WRITE, MAP_PRIVATE|MAP_FIXED|MAP_DENYWRITE, 3, 0x168000) = 0x7f35fac65000
mmap(0x7f35fac6a000, 17112, PROT_READ|PROT_WRITE, MAP_PRIVATE|MAP_FIXED|MAP_ANONYMOUS, -1, 0) = 0x7f35fac6a000
close(3)                                = 0
mmap(NULL, 4096, PROT_READ|PROT_WRITE, MAP_PRIVATE|MAP_ANONYMOUS, -1, 0) = 0x7f35fae57000
mmap(NULL, 4096, PROT_READ|PROT_WRITE, MAP_PRIVATE|MAP_ANONYMOUS, -1, 0) = 0x7f35fae56000
arch_prctl(ARCH_SET_FS, 0x7f35fae566e0) = 0
mprotect(0x7f35fac65000, 16384, PROT_READ) = 0
mprotect(0x601000, 4096, PROT_READ)     = 0
mprotect(0x7f35fae8d000, 4096, PROT_READ) = 0
munmap(0x7f35fae58000, 202523)          = 0
brk(0)                                  = 0x11ff000
brk(0x1220000)                          = 0x1220000
open("ll3.h", O_RDONLY)                 = 3
fstat(3, {st_mode=S_IFREG|0644, st_size=481, ...}) = 0
mmap(NULL, 4096, PROT_READ|PROT_WRITE, MAP_PRIVATE|MAP_ANONYMOUS, -1, 0) = 0x7f35fae89000
read(3, "typedef struct ll ll;\n\nll *get_n"..., 4096) = 481
read(3, "", 4096)                       = 0
fstat(1, {st_mode=S_IFCHR|0620, st_rdev=makedev(136, 2), ...}) = 0
mmap(NULL, 4096, PROT_READ|PROT_WRITE, MAP_PRIVATE|MAP_ANONYMOUS, -1, 0) = 0x7f35fae88000
write(1, "ll3.h\n", 6)                  = 6
write(1, "30: void free_all_nodes(ll * beg"..., 35) = 35
write(1, "28: ll *free_all_data(ll * beg);"..., 33) = 33
write(1, "22: ll *reverse(ll * beg);\n", 27) = 27
write(1, "47: ll *map(ll * beg, void *(*pr"..., 52) = 52
write(1, "45: ll *new_node(int tag, void *"..., 50) = 50
write(1, "37: ll *prepend_node(ll * cur, l"..., 42) = 42
write(1, "36: ll *append_node(ll * cur, ll"..., 41) = 41
write(1, "23: ll *get_end(ll * node);\n", 28) = 28
write(1, "36: ll *set_data(ll * node, void"..., 41) = 41
write(1, "26: void *get_data(ll * node);\n", 31) = 31
write(1, "32: ll *set_tag(ll * node, int t"..., 37) = 37
write(1, "23: int get_tag(ll * node);\n", 28) = 28
write(1, "35: ll *set_next(ll * node, ll *"..., 40) = 40
write(1, "24: ll *get_next(ll * node);\n", 29) = 29
write(1, "0: \n", 4)                    = 4
write(1, "21: typedef struct ll ll;\n", 26) = 26
close(3)                                = 0
munmap(0x7f35fae89000, 4096)            = 0
open("ll2.h", O_RDONLY)                 = 3
fstat(3, {st_mode=S_IFREG|0644, st_size=453, ...}) = 0
mmap(NULL, 4096, PROT_READ|PROT_WRITE, MAP_PRIVATE|MAP_ANONYMOUS, -1, 0) = 0x7f35fae89000
read(3, "typedef struct ll ll;\n\nll *get_n"..., 4096) = 453
read(3, "", 4096)                       = 0
write(1, "ll2.h\n", 6)                  = 6
write(1, "30: void free_all_nodes(ll * beg"..., 35) = 35
write(1, "28: ll *free_all_data(ll * beg);"..., 33) = 33
write(1, "42: ll *map(ll * beg, void *(*pr"..., 47) = 47
write(1, "45: ll *new_node(int tag, void *"..., 50) = 50
write(1, "37: ll *prepend_node(ll * cur, l"..., 42) = 42
write(1, "36: ll *append_node(ll * cur, ll"..., 41) = 41
write(1, "23: ll *get_end(ll * node);\n", 28) = 28
write(1, "36: ll *set_data(ll * node, void"..., 41) = 41
write(1, "26: void *get_data(ll * node);\n", 31) = 31
write(1, "32: ll *set_tag(ll * node, int t"..., 37) = 37
write(1, "23: int get_tag(ll * node);\n", 28) = 28
write(1, "35: ll *set_next(ll * node, ll *"..., 40) = 40
write(1, "24: ll *get_next(ll * node);\n", 29) = 29
write(1, "0: \n", 4)                    = 4
write(1, "21: typedef struct ll ll;\n", 26) = 26
close(3)                                = 0
munmap(0x7f35fae89000, 4096)            = 0
exit_group(0)                           = ?
